This is pdfTeX, Version 3.14159265-2.6-1.40.19 (TeX Live 2018) (preloaded format=pdflatex 2018.4.16)  6 FEB 2020 17:33
entering extended mode
 restricted \write18 enabled.
 file:line:error style messages enabled.
 %&-line parsing enabled.
**nn_corr.tex
(./nn_corr.tex
LaTeX2e <2018-04-01> patch level 2
Babel <3.18> and hyphenation patterns for 84 language(s) loaded.
(/usr/local/texlive/2018/texmf-dist/tex/latex/revtex/revtex4-1.cls
Document Class: revtex4-1 2010/07/25/20:33:00 4.1r (http://publish.aps.org/revt
ex4/ for documentation)
 Copyright (c) 2009 The American Physical Society.
 mailto:revtex@aps.org
 Licensed under the LPPL:
http://www.ctan.org/tex-archive/macros/latex/base/lppl.txt
 Arthur Ogawa <arthur_ogawa at sbcglobal dot net>
 Based on work by David Carlisle <david at dcarlisle.demon.co.uk>.
ltxutil[2010/07/25/20:33:00 4.1r utilities package (portions licensed from W. E
. Baxter web at superscript.com)]
LaTeX Info: Redefining \@centercr on input line 308.
Class revtex4-1 Info: Repairing broken LaTeX eqnarray on input line 358.
\eqncolsep=\skip41
Class revtex4-1 Info: Repairing hyperref-unfriendly LaTeX definition of \mpfoot
note on input line 433.
Class revtex4-1 Info: Repairing broken LateX \@sect on input line 755.
\intertabularlinepenalty=\count80
\@tbpen=\count81
\@arstrutbox@hline=\box26
Class revtex4-1 Info: Repairing broken LaTeX \@xbitor on input line 1786.
Class revtex4-1 Info: Making \typeout \long on input line 2046.
ltxfront[2010/07/25/20:33:00 4.1r frontmatter package (AO,DPC)]
\c@affil=\count82
\c@collab=\count83
\absbox=\box27
ltxgrid[2010/07/25/20:33:00 4.1r page grid package (portions licensed from W. E
. Baxter web at superscript.com)]
\c@linecount=\count84
\output@latex=\toks14
\box@size@1=\box28
\box@size@2=\box29
\@protection@box=\box30
\@topmark@saved=\toks15
\footins@saved=\box31
\footins@recovered=\box32
\column@recovered=\box33
\pagesofar=\box34
\footsofar=\box35
\pagegrid@col=\count85
Class revtex4-1 Info: Overriding \@vspace, \@vspacer, \@no@pgbk, \@newline, and
 \\  on input line 5578.
\c@part=\count86
\c@section=\count87
\c@subsection=\count88
\c@subsubsection=\count89
\c@paragraph=\count90
\c@subparagraph=\count91
\abovecaptionskip=\skip42
\belowcaptionskip=\skip43
\c@figure=\count92
\fbox@1=\box36
\c@table=\count93
\fbox@2=\box37
\c@video=\count94
\fbox@4=\box38
\@bibdataout=\write3
\widetext@top=\box39
\widetext@bot=\box40
Class revtex4-1 Info: Selecting society aps on input line 7542.
(/usr/local/texlive/2018/texmf-dist/tex/latex/revtex/aps4-1.rtx
File: aps4-1 2010/07/25/20:33:00 4.1r (http://publish.aps.org/revtex4/ for docu
mentation)
Class revtex4-1 Info: RevTeX society APS selected on input line 31.
)

Class revtex4-1 Warning: No journal specified, using default pra.

Class revtex4-1 Info: APS journal PRA selected on input line 7545.
(/usr/local/texlive/2018/texmf-dist/tex/latex/revtex/aps10pt4-1.rtx
File: aps10pt4-1 2010/07/25/20:33:00 4.1r (http://publish.aps.org/revtex4/ for 
documentation)
Class revtex4-1 Info: RevTeX pointsize 10pt selected on input line 30.
)
(/usr/local/texlive/2018/texmf-dist/tex/latex/textcase/textcase.sty
Package: textcase 2004/10/07 v0.07 Text only upper/lower case changing (DPC)
)
(/usr/local/texlive/2018/texmf-dist/tex/latex/amsfonts/amssymb.sty
Package: amssymb 2013/01/14 v3.01 AMS font symbols

(/usr/local/texlive/2018/texmf-dist/tex/latex/amsfonts/amsfonts.sty
Package: amsfonts 2013/01/14 v3.01 Basic AMSFonts support
\@emptytoks=\toks16
\symAMSa=\mathgroup4
\symAMSb=\mathgroup5
LaTeX Font Info:    Overwriting math alphabet `\mathfrak' in version `bold'
(Font)                  U/euf/m/n --> U/euf/b/n on input line 106.
))
(/usr/local/texlive/2018/texmf-dist/tex/latex/amsmath/amsmath.sty
Package: amsmath 2017/09/02 v2.17a AMS math features
\@mathmargin=\skip44

For additional information on amsmath, use the `?' option.
(/usr/local/texlive/2018/texmf-dist/tex/latex/amsmath/amstext.sty
Package: amstext 2000/06/29 v2.01 AMS text

(/usr/local/texlive/2018/texmf-dist/tex/latex/amsmath/amsgen.sty
File: amsgen.sty 1999/11/30 v2.0 generic functions
\@emptytoks=\toks17
\ex@=\dimen102
)
LaTeX Info: Redefining \text on input line 28.
)
(/usr/local/texlive/2018/texmf-dist/tex/latex/amsmath/amsbsy.sty
Package: amsbsy 1999/11/29 v1.2d Bold Symbols
\pmbraise@=\dimen103
)
(/usr/local/texlive/2018/texmf-dist/tex/latex/amsmath/amsopn.sty
Package: amsopn 2016/03/08 v2.02 operator names
)
\inf@bad=\count95
LaTeX Info: Redefining \frac on input line 213.
\uproot@=\count96
\leftroot@=\count97
LaTeX Info: Redefining \overline on input line 375.
\classnum@=\count98
\DOTSCASE@=\count99
LaTeX Info: Redefining \ldots on input line 472.
LaTeX Info: Redefining \dots on input line 475.
LaTeX Info: Redefining \cdots on input line 596.
\Mathstrutbox@=\box41
\strutbox@=\box42
\big@size=\dimen104
LaTeX Font Info:    Redeclaring font encoding OML on input line 712.
LaTeX Font Info:    Redeclaring font encoding OMS on input line 713.
\macc@depth=\count100
\c@MaxMatrixCols=\count101
\dotsspace@=\muskip10
\c@parentequation=\count102
\dspbrk@lvl=\count103
\tag@help=\toks18
\row@=\count104
\column@=\count105
\maxfields@=\count106
\andhelp@=\toks19
\eqnshift@=\dimen105
\alignsep@=\dimen106
\tagshift@=\dimen107
\tagwidth@=\dimen108
\totwidth@=\dimen109
\lineht@=\dimen110
\@envbody=\toks20
\multlinegap=\skip45
\multlinetaggap=\skip46
\mathdisplay@stack=\toks21
LaTeX Info: Redefining \[ on input line 2817.
LaTeX Info: Redefining \] on input line 2818.
)
(/usr/local/texlive/2018/texmf-dist/tex/latex/url/url.sty
\Urlmuskip=\muskip11
Package: url 2013/09/16  ver 3.4  Verb mode for urls, etc.
)
(/usr/local/texlive/2018/texmf-dist/tex/latex/natbib/natbib.sty
Package: natbib 2010/09/13 8.31b (PWD, AO)
\bibhang=\skip47
\bibsep=\skip48
LaTeX Info: Redefining \cite on input line 694.
\c@NAT@ctr=\count107
)
Class revtex4-1 Info: Repairing natbib's \BibitemShut on input line 7549.

(/usr/local/texlive/2018/texmf-dist/tex/latex/revtex/revsymb4-1.sty
Package: revsymb4-1 2010/07/25/20:33:00 4.1r (http://publish.aps.org/revtex4/ f
or documentation)
LaTeX Info: Redefining \frak on input line 95.
LaTeX Info: Redefining \Bbb on input line 111.
LaTeX Info: Redefining \REV@mathfrak on input line 119.
))
(/usr/local/texlive/2018/texmf-dist/tex/latex/placeins/placeins.sty
Package: placeins 2005/04/18  v 2.2
)
(/usr/local/texlive/2018/texmf-dist/tex/latex/graphics/rotating.sty
Package: rotating 2016/08/11 v2.16d rotated objects in LaTeX

(/usr/local/texlive/2018/texmf-dist/tex/latex/graphics/graphicx.sty
Package: graphicx 2017/06/01 v1.1a Enhanced LaTeX Graphics (DPC,SPQR)

(/usr/local/texlive/2018/texmf-dist/tex/latex/graphics/keyval.sty
Package: keyval 2014/10/28 v1.15 key=value parser (DPC)
\KV@toks@=\toks22
)
(/usr/local/texlive/2018/texmf-dist/tex/latex/graphics/graphics.sty
Package: graphics 2017/06/25 v1.2c Standard LaTeX Graphics (DPC,SPQR)

(/usr/local/texlive/2018/texmf-dist/tex/latex/graphics/trig.sty
Package: trig 2016/01/03 v1.10 sin cos tan (DPC)
)
(/usr/local/texlive/2018/texmf-dist/tex/latex/graphics-cfg/graphics.cfg
File: graphics.cfg 2016/06/04 v1.11 sample graphics configuration
)
Package graphics Info: Driver file: pdftex.def on input line 99.

(/usr/local/texlive/2018/texmf-dist/tex/latex/graphics-def/pdftex.def
File: pdftex.def 2018/01/08 v1.0l Graphics/color driver for pdftex
))
\Gin@req@height=\dimen111
\Gin@req@width=\dimen112
)
(/usr/local/texlive/2018/texmf-dist/tex/latex/base/ifthen.sty
Package: ifthen 2014/09/29 v1.1c Standard LaTeX ifthen package (DPC)
)
\c@r@tfl@t=\count108
\rotFPtop=\skip49
\rotFPbot=\skip50
\rot@float@box=\box43
\rot@mess@toks=\toks23
)
(/usr/local/texlive/2018/texmf-dist/tex/latex/setspace/setspace.sty
Package: setspace 2011/12/19 v6.7a set line spacing
)
(/usr/local/texlive/2018/texmf-dist/tex/latex/tools/dcolumn.sty
Package: dcolumn 2014/10/28 v1.06 decimal alignment package (DPC)

(/usr/local/texlive/2018/texmf-dist/tex/latex/tools/array.sty
Package: array 2018/04/07 v2.4g Tabular extension package (FMi)
\col@sep=\dimen113
\ar@mcellbox=\box44
\extrarowheight=\dimen114
\NC@list=\toks24
\extratabsurround=\skip51
\backup@length=\skip52
\ar@cellbox=\box45
))
(/usr/local/texlive/2018/texmf-dist/tex/latex/tools/bm.sty
Package: bm 2017/01/16 v1.2c Bold Symbol Support (DPC/FMi)
\symboldoperators=\mathgroup6
\symboldletters=\mathgroup7
\symboldsymbols=\mathgroup8
LaTeX Font Info:    Redeclaring math alphabet \mathbf on input line 141.
LaTeX Info: Redefining \bm on input line 207.
)
(/usr/local/texlive/2018/texmf-dist/tex/latex/caption/caption.sty
Package: caption 2016/02/21 v3.3-144 Customizing captions (AR)

(/usr/local/texlive/2018/texmf-dist/tex/latex/caption/caption3.sty
Package: caption3 2016/05/22 v1.7-166 caption3 kernel (AR)
Package caption3 Info: TeX engine: e-TeX on input line 67.
\captionmargin=\dimen115
\captionmargin@=\dimen116
\captionwidth=\dimen117
\caption@tempdima=\dimen118
\caption@indent=\dimen119
\caption@parindent=\dimen120
\caption@hangindent=\dimen121
Package caption Info: Unknown document class (or package),
(caption)             standard defaults will be used.
)

Package caption Warning: Unsupported document class (or package) detected,
(caption)                usage of the caption package is not recommended.
See the caption package documentation for explanation.

Package caption Info: \@makecaption = \long macro:#1#2->\par \vskip \abovecapti
onskip \begingroup \small \rmfamily \sbox \@tempboxa {\let \\\heading@cr \@make
@capt@title {#1}{#2}}\@ifdim {\wd \@tempboxa >\hsize }{\begingroup \samepage \f
lushing \let \footnote \@footnotemark@gobble \@make@capt@title {#1}{#2}\par \en
dgroup }{\global \@minipagefalse \hb@xt@ \hsize {\hfil \unhbox \@tempboxa \hfil
 }}\endgroup \vskip \belowcaptionskip .
\c@ContinuedFloat=\count109
Package caption Info: rotating package is loaded.
) (/usr/local/texlive/2018/texmf-dist/tex/latex/relsize/relsize.sty
Package: relsize 2013/03/29 ver 4.1
)
(/usr/local/texlive/2018/texmf-dist/tex/latex/scalerel/scalerel.sty
Package: scalerel 2016/12/29 v1.8 Routines for constrained scaling and stretchi
ng of objects, relative to a reference object or in absolute terms

(/usr/local/texlive/2018/texmf-dist/tex/latex/tools/calc.sty
Package: calc 2017/05/25 v4.3 Infix arithmetic (KKT,FJ)
\calc@Acount=\count110
\calc@Bcount=\count111
\calc@Adimen=\dimen122
\calc@Bdimen=\dimen123
\calc@Askip=\skip53
\calc@Bskip=\skip54
LaTeX Info: Redefining \setlength on input line 80.
LaTeX Info: Redefining \addtolength on input line 81.
\calc@Ccount=\count112
\calc@Cskip=\skip55
)
(/usr/local/texlive/2018/texmf-dist/tex/latex/etoolbox/etoolbox.sty
Package: etoolbox 2018/02/11 v2.5e e-TeX tools for LaTeX (JAW)
\etb@tempcnta=\count113
)
\thesrwidth=\skip56
\thesrheight=\skip57
\srblobheight=\skip58
\srblobdepth=\skip59
\mnxsrwidth=\skip60
\LMex=\skip61
\LMpt=\skip62
)
(/usr/local/texlive/2018/texmf-dist/tex/latex/hyperref/hyperref.sty
Package: hyperref 2018/02/06 v6.86b Hypertext links for LaTeX

(/usr/local/texlive/2018/texmf-dist/tex/generic/oberdiek/hobsub-hyperref.sty
Package: hobsub-hyperref 2016/05/16 v1.14 Bundle oberdiek, subset hyperref (HO)


(/usr/local/texlive/2018/texmf-dist/tex/generic/oberdiek/hobsub-generic.sty
Package: hobsub-generic 2016/05/16 v1.14 Bundle oberdiek, subset generic (HO)
Package: hobsub 2016/05/16 v1.14 Construct package bundles (HO)
Package: infwarerr 2016/05/16 v1.4 Providing info/warning/error messages (HO)
Package: ltxcmds 2016/05/16 v1.23 LaTeX kernel commands for general use (HO)
Package: ifluatex 2016/05/16 v1.4 Provides the ifluatex switch (HO)
Package ifluatex Info: LuaTeX not detected.
Package: ifvtex 2016/05/16 v1.6 Detect VTeX and its facilities (HO)
Package ifvtex Info: VTeX not detected.
Package: intcalc 2016/05/16 v1.2 Expandable calculations with integers (HO)
Package: ifpdf 2017/03/15 v3.2 Provides the ifpdf switch
Package: etexcmds 2016/05/16 v1.6 Avoid name clashes with e-TeX commands (HO)
Package etexcmds Info: Could not find \expanded.
(etexcmds)             That can mean that you are not using pdfTeX 1.50 or
(etexcmds)             that some package has redefined \expanded.
(etexcmds)             In the latter case, load this package earlier.
Package: kvsetkeys 2016/05/16 v1.17 Key value parser (HO)
Package: kvdefinekeys 2016/05/16 v1.4 Define keys (HO)
Package: pdftexcmds 2018/01/30 v0.27 Utility functions of pdfTeX for LuaTeX (HO
)
Package pdftexcmds Info: LuaTeX not detected.
Package pdftexcmds Info: \pdf@primitive is available.
Package pdftexcmds Info: \pdf@ifprimitive is available.
Package pdftexcmds Info: \pdfdraftmode found.
Package: pdfescape 2016/05/16 v1.14 Implements pdfTeX's escape features (HO)
Package: bigintcalc 2016/05/16 v1.4 Expandable calculations on big integers (HO
)
Package: bitset 2016/05/16 v1.2 Handle bit-vector datatype (HO)
Package: uniquecounter 2016/05/16 v1.3 Provide unlimited unique counter (HO)
)
Package hobsub Info: Skipping package `hobsub' (already loaded).
Package: letltxmacro 2016/05/16 v1.5 Let assignment for LaTeX macros (HO)
Package: hopatch 2016/05/16 v1.3 Wrapper for package hooks (HO)
Package: xcolor-patch 2016/05/16 xcolor patch
Package: atveryend 2016/05/16 v1.9 Hooks at the very end of document (HO)
Package: atbegshi 2016/06/09 v1.18 At begin shipout hook (HO)
Package: refcount 2016/05/16 v3.5 Data extraction from label references (HO)
Package: hycolor 2016/05/16 v1.8 Color options for hyperref/bookmark (HO)
)
(/usr/local/texlive/2018/texmf-dist/tex/generic/ifxetex/ifxetex.sty
Package: ifxetex 2010/09/12 v0.6 Provides ifxetex conditional
)
(/usr/local/texlive/2018/texmf-dist/tex/latex/oberdiek/auxhook.sty
Package: auxhook 2016/05/16 v1.4 Hooks for auxiliary files (HO)
)
(/usr/local/texlive/2018/texmf-dist/tex/latex/oberdiek/kvoptions.sty
Package: kvoptions 2016/05/16 v3.12 Key value format for package options (HO)
)
\@linkdim=\dimen124
\Hy@linkcounter=\count114
\Hy@pagecounter=\count115

(/usr/local/texlive/2018/texmf-dist/tex/latex/hyperref/pd1enc.def
File: pd1enc.def 2018/02/06 v6.86b Hyperref: PDFDocEncoding definition (HO)
Now handling font encoding PD1 ...
... no UTF-8 mapping file for font encoding PD1
)
\Hy@SavedSpaceFactor=\count116

(/usr/local/texlive/2018/texmf-dist/tex/latex/latexconfig/hyperref.cfg
File: hyperref.cfg 2002/06/06 v1.2 hyperref configuration of TeXLive
)
Package hyperref Info: Hyper figures OFF on input line 4509.
Package hyperref Info: Link nesting OFF on input line 4514.
Package hyperref Info: Hyper index ON on input line 4517.
Package hyperref Info: Plain pages OFF on input line 4524.
Package hyperref Info: Backreferencing OFF on input line 4529.
Package hyperref Info: Implicit mode ON; LaTeX internals redefined.
Package hyperref Info: Bookmarks ON on input line 4762.
LaTeX Info: Redefining \href on input line 5026.
\c@Hy@tempcnt=\count117
LaTeX Info: Redefining \url on input line 5115.
\XeTeXLinkMargin=\dimen125
\Fld@menulength=\count118
\Field@Width=\dimen126
\Fld@charsize=\dimen127
Package hyperref Info: Hyper figures OFF on input line 6369.
Package hyperref Info: Link nesting OFF on input line 6374.
Package hyperref Info: Hyper index ON on input line 6377.
Package hyperref Info: backreferencing OFF on input line 6384.
Package hyperref Info: Link coloring OFF on input line 6389.
Package hyperref Info: Link coloring with OCG OFF on input line 6394.
Package hyperref Info: PDF/A mode OFF on input line 6399.
LaTeX Info: Redefining \ref on input line 6439.
LaTeX Info: Redefining \pageref on input line 6443.
\Hy@abspage=\count119
\c@Item=\count120
\c@Hfootnote=\count121
)
Package hyperref Info: Driver (autodetected): hpdftex.

(/usr/local/texlive/2018/texmf-dist/tex/latex/hyperref/hpdftex.def
File: hpdftex.def 2018/02/06 v6.86b Hyperref driver for pdfTeX
\Fld@listcount=\count122
\c@bookmark@seq@number=\count123

(/usr/local/texlive/2018/texmf-dist/tex/latex/oberdiek/rerunfilecheck.sty
Package: rerunfilecheck 2016/05/16 v1.8 Rerun checks for auxiliary files (HO)
Package uniquecounter Info: New unique counter `rerunfilecheck' on input line 2
82.
)
\Hy@SectionHShift=\skip63
)
(/usr/local/texlive/2018/texmf-dist/tex/latex/xcolor/xcolor.sty
Package: xcolor 2016/05/11 v2.12 LaTeX color extensions (UK)

(/usr/local/texlive/2018/texmf-dist/tex/latex/graphics-cfg/color.cfg
File: color.cfg 2016/01/02 v1.6 sample color configuration
)
Package xcolor Info: Driver file: pdftex.def on input line 225.
Package xcolor Info: Model `cmy' substituted by `cmy0' on input line 1348.
Package xcolor Info: Model `hsb' substituted by `rgb' on input line 1352.
Package xcolor Info: Model `RGB' extended on input line 1364.
Package xcolor Info: Model `HTML' substituted by `rgb' on input line 1366.
Package xcolor Info: Model `Hsb' substituted by `hsb' on input line 1367.
Package xcolor Info: Model `tHsb' substituted by `hsb' on input line 1368.
Package xcolor Info: Model `HSB' substituted by `hsb' on input line 1369.
Package xcolor Info: Model `Gray' substituted by `gray' on input line 1370.
Package xcolor Info: Model `wave' substituted by `hsb' on input line 1371.
)
Package hyperref Info: Option `colorlinks' set `true' on input line 49.

(/usr/local/texlive/2018/texmf-dist/tex/latex/psnfss/pifont.sty
Package: pifont 2005/04/12 PSNFSS-v9.2a Pi font support (SPQR) 
LaTeX Font Info:    Try loading font information for U+pzd on input line 63.

(/usr/local/texlive/2018/texmf-dist/tex/latex/psnfss/upzd.fd
File: upzd.fd 2001/06/04 font definitions for U/pzd.
)
LaTeX Font Info:    Try loading font information for U+psy on input line 64.

(/usr/local/texlive/2018/texmf-dist/tex/latex/psnfss/upsy.fd
File: upsy.fd 2001/06/04 font definitions for U/psy.
))
(/usr/local/texlive/2018/texmf-dist/tex/latex/lineno/lineno.sty
Package: lineno 2005/11/02 line numbers on paragraphs v4.41
\linenopenalty=\count124
\output=\toks25
\linenoprevgraf=\count125
\linenumbersep=\dimen128
\linenumberwidth=\dimen129
\c@linenumber=\count126
\c@pagewiselinenumber=\count127
\c@LN@truepage=\count128
\c@internallinenumber=\count129
\c@internallinenumbers=\count130
\quotelinenumbersep=\dimen130
\bframerule=\dimen131
\bframesep=\dimen132
\bframebox=\box46
LaTeX Info: Redefining \\ on input line 3056.
)
(/usr/local/texlive/2018/texmf-dist/tex/latex/subfig/subfig.sty
Package: subfig 2005/06/28 ver: 1.3 subfig package
\c@KVtest=\count131
\sf@farskip=\skip64
\sf@captopadj=\dimen133
\sf@capskip=\skip65
\sf@nearskip=\skip66
\c@subfigure=\count132
\c@subfigure@save=\count133
\c@lofdepth=\count134
\c@subtable=\count135
\c@subtable@save=\count136
\c@lotdepth=\count137
\sf@top=\skip67
\sf@bottom=\skip68
)
Class revtex4-1 Info: Unrecognized array package. Please update this document c
lass! (Proceeding with fingers crossed.) on input line 85.
Class revtex4-1 Info: Robustifying \LaTeX's \boldmath command on input line 85.

Class revtex4-1 Info: cite was not loaded (OK!) on input line 85.
Class revtex4-1 Info: mcite was not loaded (OK!) on input line 85.
Class revtex4-1 Info: multicol was not loaded (OK!) on input line 85.


LaTeX Warning: Unused global option(s):
    [calc].

(./nn_corr.aux)
\openout1 = `nn_corr.aux'.

LaTeX Font Info:    Checking defaults for OML/cmm/m/it on input line 85.
LaTeX Font Info:    ... okay on input line 85.
LaTeX Font Info:    Checking defaults for T1/cmr/m/n on input line 85.
LaTeX Font Info:    ... okay on input line 85.
LaTeX Font Info:    Checking defaults for OT1/cmr/m/n on input line 85.
LaTeX Font Info:    ... okay on input line 85.
LaTeX Font Info:    Checking defaults for OMS/cmsy/m/n on input line 85.
LaTeX Font Info:    ... okay on input line 85.
LaTeX Font Info:    Checking defaults for OMX/cmex/m/n on input line 85.
LaTeX Font Info:    ... okay on input line 85.
LaTeX Font Info:    Checking defaults for U/cmr/m/n on input line 85.
LaTeX Font Info:    ... okay on input line 85.
LaTeX Font Info:    Checking defaults for PD1/pdf/m/n on input line 85.
LaTeX Font Info:    ... okay on input line 85.

(/usr/local/texlive/2018/texmf-dist/tex/context/base/mkii/supp-pdf.mkii
[Loading MPS to PDF converter (version 2006.09.02).]
\scratchcounter=\count138
\scratchdimen=\dimen134
\scratchbox=\box47
\nofMPsegments=\count139
\nofMParguments=\count140
\everyMPshowfont=\toks26
\MPscratchCnt=\count141
\MPscratchDim=\dimen135
\MPnumerator=\count142
\makeMPintoPDFobject=\count143
\everyMPtoPDFconversion=\toks27
) (/usr/local/texlive/2018/texmf-dist/tex/latex/oberdiek/epstopdf-base.sty
Package: epstopdf-base 2016/05/15 v2.6 Base part for package epstopdf

(/usr/local/texlive/2018/texmf-dist/tex/latex/oberdiek/grfext.sty
Package: grfext 2016/05/16 v1.2 Manage graphics extensions (HO)
)
Package epstopdf-base Info: Redefining graphics rule for `.eps' on input line 4
38.
Package grfext Info: Graphics extension search list:
(grfext)             [.pdf,.png,.jpg,.mps,.jpeg,.jbig2,.jb2,.PDF,.PNG,.JPG,.JPE
G,.JBIG2,.JB2,.eps]
(grfext)             \AppendGraphicsExtensions on input line 456.

(/usr/local/texlive/2018/texmf-dist/tex/latex/latexconfig/epstopdf-sys.cfg
File: epstopdf-sys.cfg 2010/07/13 v1.3 Configuration of (r)epstopdf for TeX Liv
e
))
Package caption Info: Begin \AtBeginDocument code.
Package caption Info: subfig package v1.3 is loaded.
Package caption Info: hyperref package is loaded.
Package caption Info: End \AtBeginDocument code.
\AtBeginShipoutBox=\box48
Package hyperref Info: Link coloring ON on input line 85.

(/usr/local/texlive/2018/texmf-dist/tex/latex/hyperref/nameref.sty
Package: nameref 2016/05/21 v2.44 Cross-referencing by name of section

(/usr/local/texlive/2018/texmf-dist/tex/generic/oberdiek/gettitlestring.sty
Package: gettitlestring 2016/05/16 v1.5 Cleanup title references (HO)
)
\c@section@level=\count144
)
LaTeX Info: Redefining \ref on input line 85.
LaTeX Info: Redefining \pageref on input line 85.
LaTeX Info: Redefining \nameref on input line 85.

(./nn_corr.out) (./nn_corr.out)
\@outlinefile=\write4
\openout4 = `nn_corr.out'.

Class revtex4-1 Info: Taking \maketitle back from hyperref on input line 85.
Class revtex4-1 Info: Overriding lineo.sty, restoring output routine, on input 
line 85.
Class revtex4-1 Info: Line numbering not turned on yet on input line 85.
\openout3 = `nn_corrNotes.bib'.

Class revtex4-1 Info: Overriding \@LN@LLerror on input line 85.
LaTeX Font Info:    Try loading font information for U+msa on input line 110.

(/usr/local/texlive/2018/texmf-dist/tex/latex/amsfonts/umsa.fd
File: umsa.fd 2013/01/14 v3.01 AMS symbols A
)
LaTeX Font Info:    Try loading font information for U+msb on input line 110.

(/usr/local/texlive/2018/texmf-dist/tex/latex/amsfonts/umsb.fd
File: umsb.fd 2013/01/14 v3.01 AMS symbols B
) [1{/usr/local/texlive/2018/texmf-var/fonts/map/pdftex/updmap/pdftex.map}]
<../figs/Cf252_us_vs_them.png, id=159, 469.39365pt x 342.92114pt>
File: ../figs/Cf252_us_vs_them.png Graphic file (type png)
<use ../figs/Cf252_us_vs_them.png>
Package pdftex.def Info: ../figs/Cf252_us_vs_them.png  used on input line 186.
(pdftex.def)             Requested size: 229.49844pt x 167.66132pt.

Underfull \hbox (badness 1122) in paragraph at lines 179--192
[]\OT1/cmr/m/n/10 The first mea-sure-ment of the an-gu-lar cor-re-la-tion
 []


LaTeX Warning: `h' float specifier changed to `ht'.

<../figs/ExpArangment.png, id=168, 1340.00626pt x 2432.08624pt>
File: ../figs/ExpArangment.png Graphic file (type png)
<use ../figs/ExpArangment.png>
Package pdftex.def Info: ../figs/ExpArangment.png  used on input line 210.
(pdftex.def)             Requested size: 255.0pt x 462.80629pt.

Overfull \hbox (9.0pt too wide) in paragraph at lines 210--211
 [][] 
 []


LaTeX Warning: `h' float specifier changed to `ht'.


LaTeX Warning: No positions in optional float specifier.
               Default added (so using `tbp') on input line 229.

<../figs/Detectors.png, id=171, 891.33pt x 800.9925pt>
File: ../figs/Detectors.png Graphic file (type png)
<use ../figs/Detectors.png>
Package pdftex.def Info: ../figs/Detectors.png  used on input line 231.
(pdftex.def)             Requested size: 239.70062pt x 215.40309pt.
[2 <../figs/Cf252_us_vs_them.png>]

LaTeX Warning: A float is stuck (cannot be placed); try class option [floatfix]
 on input line 237.


LaTeX Warning: No positions in optional float specifier.
               Default added (so using `tbp') on input line 250.

<../figs/RelErgEfficiency.png, id=195, 462.528pt x 346.896pt>
File: ../figs/RelErgEfficiency.png Graphic file (type png)
<use ../figs/RelErgEfficiency.png>
Package pdftex.def Info: ../figs/RelErgEfficiency.png  used on input line 252.
(pdftex.def)             Requested size: 239.70062pt x 179.77823pt.
<../figs/RelPosEfficiency.png, id=196, 462.528pt x 346.896pt>
File: ../figs/RelPosEfficiency.png Graphic file (type png)
<use ../figs/RelPosEfficiency.png>
Package pdftex.def Info: ../figs/RelPosEfficiency.png  used on input line 254.
(pdftex.def)             Requested size: 239.70062pt x 179.77823pt.
[3 <../figs/ExpArangment.png> <../figs/Detectors.png>]
Underfull \hbox (badness 1803) in paragraph at lines 268--274
[]\OT1/cmr/m/n/10 The front face of each de-tec-tor was sub-ject to
 []

<../figs/DetShielding.png, id=209, 1206.5075pt x 1084.05pt>
File: ../figs/DetShielding.png Graphic file (type png)
<use ../figs/DetShielding.png>
Package pdftex.def Info: ../figs/DetShielding.png  used on input line 280.
(pdftex.def)             Requested size: 153.00156pt x 137.45778pt.
[4 <../figs/RelErgEfficiency.png> <../figs/RelPosEfficiency.png> <../figs/DetSh
ielding.png>]
<../figs/MCNPBremDistribution.png, id=221, 462.528pt x 346.896pt>
File: ../figs/MCNPBremDistribution.png Graphic file (type png)
<use ../figs/MCNPBremDistribution.png>
Package pdftex.def Info: ../figs/MCNPBremDistribution.png  used on input line 2
97.
(pdftex.def)             Requested size: 229.49844pt x 172.12427pt.
<../figs/WiringDiagram.png, id=224, 1606.0pt x 823.075pt>
File: ../figs/WiringDiagram.png Graphic file (type png)
<use ../figs/WiringDiagram.png>
Package pdftex.def Info: ../figs/WiringDiagram.png  used on input line 320.
(pdftex.def)             Requested size: 484.49844pt x 248.3059pt.
 [5 <../figs/MCNPBremDistribution.png>]

LaTeX Warning: No positions in optional float specifier.
               Default added (so using `tbp') on input line 353.

<../figs/ConstPMTAvg.png, id=238, 1234.6125pt x 925.4575pt>
File: ../figs/ConstPMTAvg.png Graphic file (type png)
<use ../figs/ConstPMTAvg.png>
Package pdftex.def Info: ../figs/ConstPMTAvg.png  used on input line 355.
(pdftex.def)             Requested size: 229.49844pt x 172.02599pt.
<../figs/ConstPMTAvgProject.png, id=239, 1345.025pt x 901.3675pt>
File: ../figs/ConstPMTAvgProject.png Graphic file (type png)
<use ../figs/ConstPMTAvgProject.png>
Package pdftex.def Info: ../figs/ConstPMTAvgProject.png  used on input line 357
.
(pdftex.def)             Requested size: 229.49844pt x 153.79434pt.

LaTeX Warning: No positions in optional float specifier.
               Default added (so using `tbp') on input line 376.

<../figs/MTvsAl.png, id=240, 1246.6575pt x 845.1575pt>
File: ../figs/MTvsAl.png Graphic file (type png)
<use ../figs/MTvsAl.png>
Package pdftex.def Info: ../figs/MTvsAl.png  used on input line 378.
(pdftex.def)             Requested size: 229.49844pt x 155.57793pt.
<../figs/DUvsAl.png, id=241, 1222.5675pt x 849.1725pt>
File: ../figs/DUvsAl.png Graphic file (type png)
<use ../figs/DUvsAl.png>
Package pdftex.def Info: ../figs/DUvsAl.png  used on input line 379.
(pdftex.def)             Requested size: 229.49844pt x 159.40085pt.

LaTeX Warning: No positions in optional float specifier.
               Default added (so using `tbp') on input line 399.

<../figs/DeltaErg.png, id=246, 662.9568pt x 540.3387pt>
File: ../figs/DeltaErg.png Graphic file (type png)
<use ../figs/DeltaErg.png>
Package pdftex.def Info: ../figs/DeltaErg.png  used on input line 401.
(pdftex.def)             Requested size: 229.49844pt x 187.04366pt.
[6 <../figs/WiringDiagram.png>]

LaTeX Warning: A float is stuck (cannot be placed); try class option [floatfix]
 on input line 411.


LaTeX Warning: No positions in optional float specifier.
               Default added (so using `tbp') on input line 427.

<../figs/PMTDifference.png, id=255, 722.7pt x 722.7pt>
File: ../figs/PMTDifference.png Graphic file (type png)
<use ../figs/PMTDifference.png>
Package pdftex.def Info: ../figs/PMTDifference.png  used on input line 429.
(pdftex.def)             Requested size: 239.70062pt x 239.69373pt.
[7 <../figs/ConstPMTAvg.png> <../figs/ConstPMTAvgProject.png> <../figs/MTvsAl.p
ng> <../figs/DUvsAl.png>]

LaTeX Warning: A float is stuck (cannot be placed); try class option [floatfix]
 on input line 443.


Package hyperref Warning: Token not allowed in a PDF string (PDFDocEncoding):
(hyperref)                removing `math shift' on input line 444.


Package hyperref Warning: Token not allowed in a PDF string (PDFDocEncoding):
(hyperref)                removing `superscript' on input line 444.


Package hyperref Warning: Token not allowed in a PDF string (PDFDocEncoding):
(hyperref)                removing `math shift' on input line 444.

<../figs/Cf252ToF.png, id=274, 837.1275pt x 497.86pt>
File: ../figs/Cf252ToF.png Graphic file (type png)
<use ../figs/Cf252ToF.png>
Package pdftex.def Info: ../figs/Cf252ToF.png  used on input line 446.
(pdftex.def)             Requested size: 239.70062pt x 142.55249pt.
[8 <../figs/DeltaErg.png> <../figs/PMTDifference.png> <../figs/Cf252ToF.png>]
<../figs/./DetAcceptance.png, id=291, 1208.515pt x 891.33pt>
File: ../figs/./DetAcceptance.png Graphic file (type png)
<use ../figs/./DetAcceptance.png>
Package pdftex.def Info: ../figs/./DetAcceptance.png  used on input line 478.
(pdftex.def)             Requested size: 239.70062pt x 176.78038pt.


LaTeX Warning: No positions in optional float specifier.
               Default added (so using `tbp') on input line 507.

<../figs/SPDPNormalization.png, id=297, 361.35pt x 722.7pt>
File: ../figs/SPDPNormalization.png Graphic file (type png)
<use ../figs/SPDPNormalization.png>
Package pdftex.def Info: ../figs/SPDPNormalization.png  used on input line 509.

(pdftex.def)             Requested size: 229.49844pt x 458.99762pt.

LaTeX Warning: No positions in optional float specifier.
               Default added (so using `tbp') on input line 514.

<../figs/D2OCorr.png, id=299, 1355.0625pt x 883.3pt>
File: ../figs/D2OCorr.png Graphic file (type png)
<use ../figs/D2OCorr.png>
Package pdftex.def Info: ../figs/D2OCorr.png  used on input line 516.
(pdftex.def)             Requested size: 229.49844pt x 149.59293pt.

LaTeX Warning: No positions in optional float specifier.
               Default added (so using `tbp') on input line 533.

<../figs/Noise.png, id=302, 456.5055pt x 326.4195pt>
File: ../figs/Noise.png Graphic file (type png)
<use ../figs/Noise.png>
Package pdftex.def Info: ../figs/Noise.png  used on input line 535.
(pdftex.def)             Requested size: 239.70062pt x 171.39272pt.

LaTeX Warning: No positions in optional float specifier.
               Default added (so using `tbp') on input line 542.

<../figs/CrossSections.png, id=303, 722.7pt x 433.62pt>
File: ../figs/CrossSections.png Graphic file (type png)
<use ../figs/CrossSections.png>
Package pdftex.def Info: ../figs/CrossSections.png  used on input line 544.
(pdftex.def)             Requested size: 239.70062pt x 143.81624pt.
[9 <../figs/./DetAcceptance.png>]

LaTeX Warning: A float is stuck (cannot be placed); try class option [floatfix]
 on input line 557.

[10 <../figs/SPDPNormalization.png> <../figs/D2OCorr.png> <../figs/Noise.png>]

LaTeX Warning: A float is stuck (cannot be placed); try class option [floatfix]
 on input line 573.


Underfull \hbox (badness 2253) in paragraph at lines 574--576
[]\OT1/cmr/m/n/10 The statis-tics of the de-tected un-cor-re-lated neu-
 []


LaTeX Warning: No positions in optional float specifier.
               Default added (so using `tbp') on input line 643.

<../figs/ErgDiffLego.png, id=334, 1407.2575pt x 907.39pt>
File: ../figs/ErgDiffLego.png Graphic file (type png)
<use ../figs/ErgDiffLego.png>
Package pdftex.def Info: ../figs/ErgDiffLego.png  used on input line 645.
(pdftex.def)             Requested size: 239.70062pt x 154.54501pt.

LaTeX Warning: No positions in optional float specifier.
               Default added (so using `tbp') on input line 652.

<../figs/WeightedErgDiff.png, id=335, 1256.695pt x 849.1725pt>
File: ../figs/WeightedErgDiff.png Graphic file (type png)
<use ../figs/WeightedErgDiff.png>
Package pdftex.def Info: ../figs/WeightedErgDiff.png  used on input line 654.
(pdftex.def)             Requested size: 239.70062pt x 161.9664pt.
[11 <../figs/CrossSections.png>] [12 <../figs/ErgDiffLego.png> <../figs/Weighte
dErgDiff.png>]
<../figs/Cf252MCNPVsEXP.png, id=365, 1945.2675pt x 1142.2675pt>
File: ../figs/Cf252MCNPVsEXP.png Graphic file (type png)
<use ../figs/Cf252MCNPVsEXP.png>
Package pdftex.def Info: ../figs/Cf252MCNPVsEXP.png  used on input line 702.
(pdftex.def)             Requested size: 239.70062pt x 140.74382pt.
<../figs/CrosstalkVScoincidence.png, id=369, 1959.32pt x 1322.9425pt>
File: ../figs/CrosstalkVScoincidence.png Graphic file (type png)
<use ../figs/CrosstalkVScoincidence.png>
Package pdftex.def Info: ../figs/CrosstalkVScoincidence.png  used on input line
 718.
(pdftex.def)             Requested size: 239.70062pt x 161.83478pt.
<../figs/EffectOfElasticScattering.png, id=373, 1608.0075pt x 1057.9525pt>
File: ../figs/EffectOfElasticScattering.png Graphic file (type png)
<use ../figs/EffectOfElasticScattering.png>
Package pdftex.def Info: ../figs/EffectOfElasticScattering.png  used on input l
ine 744.
(pdftex.def)             Requested size: 239.70062pt x 157.7013pt.
<../figs/ElasticScatteringPlot.png, id=374, 1660.2025pt x 1086.0575pt>
File: ../figs/ElasticScatteringPlot.png Graphic file (type png)
<use ../figs/ElasticScatteringPlot.png>
Package pdftex.def Info: ../figs/ElasticScatteringPlot.png  used on input line 
755.
(pdftex.def)             Requested size: 239.70062pt x 156.80313pt.
 [13 <../figs/Cf252MCNPVsEXP.png> <../figs/CrosstalkVScoincidence.png>]
Underfull \hbox (badness 1286) in paragraph at lines 780--786
[]\OT1/cmr/m/n/10 Using the cor-re-lated $[]$Cf SF source built-in to
 []

[14 <../figs/EffectOfElasticScattering.png> <../figs/ElasticScatteringPlot.png>
]
Underfull \hbox (badness 1817) in paragraph at lines 802--806
\OT1/cmr/m/n/10 does not con-tain photofis-sion di-rectly, but in-stead
 []

<../figs/FinalDUResultw_freya0KDE.png, id=417, 563.706pt x 732.8178pt>
File: ../figs/FinalDUResultw_freya0KDE.png Graphic file (type png)
<use ../figs/FinalDUResultw_freya0KDE.png>
Package pdftex.def Info: ../figs/FinalDUResultw_freya0KDE.png  used on input li
ne 831.
(pdftex.def)             Requested size: 255.0pt x 331.49815pt.

Overfull \hbox (9.0pt too wide) in paragraph at lines 831--832
 [][] 
 []

<../figs/FinalDUResultw_freya2KDE.png, id=419, 563.706pt x 732.8178pt>
File: ../figs/FinalDUResultw_freya2KDE.png Graphic file (type png)
<use ../figs/FinalDUResultw_freya2KDE.png>
Package pdftex.def Info: ../figs/FinalDUResultw_freya2KDE.png  used on input li
ne 838.
(pdftex.def)             Requested size: 239.70062pt x 311.60558pt.
<../figs/FinalCf252Resultw_freya0KDE.png, id=421, 563.706pt x 845.35251pt>
File: ../figs/FinalCf252Resultw_freya0KDE.png Graphic file (type png)
<use ../figs/FinalCf252Resultw_freya0KDE.png>
Package pdftex.def Info: ../figs/FinalCf252Resultw_freya0KDE.png  used on input
 line 846.
(pdftex.def)             Requested size: 239.70062pt x 359.45709pt.
<../figs/FinalCf252Resultw_freya2KDE.png, id=423, 563.706pt x 845.35251pt>
File: ../figs/FinalCf252Resultw_freya2KDE.png Graphic file (type png)
<use ../figs/FinalCf252Resultw_freya2KDE.png>
Package pdftex.def Info: ../figs/FinalCf252Resultw_freya2KDE.png  used on input
 line 854.
(pdftex.def)             Requested size: 239.70062pt x 359.45709pt.
[15 <../figs/FinalDUResultw_freya0KDE.png>]

LaTeX Warning: A float is stuck (cannot be placed); try class option [floatfix]
 on input line 871.

[16 <../figs/FinalDUResultw_freya2KDE.png> <../figs/FinalCf252Resultw_freya0KDE
.png>]

LaTeX Warning: A float is stuck (cannot be placed); try class option [floatfix]
 on input line 884.

<../figs/LargeAngleAnomaly.png, id=456, 361.35pt x 578.16pt>
File: ../figs/LargeAngleAnomaly.png Graphic file (type png)
<use ../figs/LargeAngleAnomaly.png>
Package pdftex.def Info: ../figs/LargeAngleAnomaly.png  used on input line 892.

(pdftex.def)             Requested size: 239.70062pt x 383.5188pt.

Package hyperref Warning: Token not allowed in a PDF string (PDFDocEncoding):
(hyperref)                removing `math shift' on input line 914.


Package hyperref Warning: Token not allowed in a PDF string (PDFDocEncoding):
(hyperref)                removing `\theta' on input line 914.


Package hyperref Warning: Token not allowed in a PDF string (PDFDocEncoding):
(hyperref)                removing `subscript' on input line 914.


Package hyperref Warning: Token not allowed in a PDF string (PDFDocEncoding):
(hyperref)                removing `math shift' on input line 914.

[17 <../figs/FinalCf252Resultw_freya2KDE.png> <../figs/LargeAngleAnomaly.png>]
<../figs/theta_abs_LEGO.png, id=471, 1796.7125pt x 1059.96pt>
File: ../figs/theta_abs_LEGO.png Graphic file (type png)
<use ../figs/theta_abs_LEGO.png>
Package pdftex.def Info: ../figs/theta_abs_LEGO.png  used on input line 928.
(pdftex.def)             Requested size: 239.70062pt x 141.40636pt.
<../figs/theta_abs_two-neutron.png, id=472, 1284.8pt x 909.3975pt>
File: ../figs/theta_abs_two-neutron.png Graphic file (type png)
<use ../figs/theta_abs_two-neutron.png>
Package pdftex.def Info: ../figs/theta_abs_two-neutron.png  used on input line 
936.
(pdftex.def)             Requested size: 239.70062pt x 169.65128pt.

[18 <../figs/theta_abs_LEGO.png> <../figs/theta_abs_two-neutron.png>]
(./nn_corr.bbl
Underfull \hbox (badness 2237) in paragraph at lines 48--52
 \OT1/cmr/m/n/9 Clarke, Marek Flaska, Matthew Mar-cath, Ed-ward
 []


Underfull \hbox (badness 3019) in paragraph at lines 119--125
 []\OT1/cmr/m/n/9 Christopher John Werner, Jef-frey S. Bull, C. J.
 []


Underfull \hbox (badness 2941) in paragraph at lines 151--154
 \OT1/cmr/m/it/9 Com-puter Physics Com-mu-ni-ca-tions\OT1/cmr/m/n/9 , 136(3):19
8--207,
 []

[19])
Package atveryend Info: Executing hook `AtVeryEndDocument' on input line 970.
 [20]
Package atveryend Info: Empty hook `AfterLastShipout' on input line 970.
 (./nn_corr.aux)
Package atveryend Info: Executing hook `AtEndAfterFileList' on input line 970.
Package rerunfilecheck Info: File `nn_corr.out' has not changed.
(rerunfilecheck)             Checksum: E7119987A534E8AD822C5711B75CFB20;2279.
 ) 
Here is how much of TeX's memory you used:
 10818 strings out of 492649
 157864 string characters out of 6129622
 289483 words of memory out of 5000000
 14389 multiletter control sequences out of 15000+600000
 22182 words of font info for 81 fonts, out of 8000000 for 9000
 1141 hyphenation exceptions out of 8191
 44i,20n,71p,896b,556s stack positions out of 5000i,500n,10000p,200000b,80000s
</usr/local/texlive/2018/texmf-dist/fonts/type1/public/amsfonts/cm/cmbx12.pfb
></usr/local/texlive/2018/texmf-dist/fonts/type1/public/amsfonts/cm/cmbx8.pfb><
/usr/local/texlive/2018/texmf-dist/fonts/type1/public/amsfonts/cm/cmbx9.pfb></u
sr/local/texlive/2018/texmf-dist/fonts/type1/public/amsfonts/cm/cmex10.pfb></us
r/local/texlive/2018/texmf-dist/fonts/type1/public/amsfonts/cm/cmmi10.pfb></usr
/local/texlive/2018/texmf-dist/fonts/type1/public/amsfonts/cm/cmmi6.pfb></usr/l
ocal/texlive/2018/texmf-dist/fonts/type1/public/amsfonts/cm/cmmi7.pfb></usr/loc
al/texlive/2018/texmf-dist/fonts/type1/public/amsfonts/cm/cmmi9.pfb></usr/local
/texlive/2018/texmf-dist/fonts/type1/public/amsfonts/cm/cmr10.pfb></usr/local/t
exlive/2018/texmf-dist/fonts/type1/public/amsfonts/cm/cmr5.pfb></usr/local/texl
ive/2018/texmf-dist/fonts/type1/public/amsfonts/cm/cmr6.pfb></usr/local/texlive
/2018/texmf-dist/fonts/type1/public/amsfonts/cm/cmr7.pfb></usr/local/texlive/20
18/texmf-dist/fonts/type1/public/amsfonts/cm/cmr9.pfb></usr/local/texlive/2018/
texmf-dist/fonts/type1/public/amsfonts/cm/cmsy10.pfb></usr/local/texlive/2018/t
exmf-dist/fonts/type1/public/amsfonts/cm/cmsy6.pfb></usr/local/texlive/2018/tex
mf-dist/fonts/type1/public/amsfonts/cm/cmsy7.pfb></usr/local/texlive/2018/texmf
-dist/fonts/type1/public/amsfonts/cm/cmsy9.pfb></usr/local/texlive/2018/texmf-d
ist/fonts/type1/public/amsfonts/cm/cmti10.pfb></usr/local/texlive/2018/texmf-di
st/fonts/type1/public/amsfonts/cm/cmti9.pfb></usr/local/texlive/2018/texmf-dist
/fonts/type1/urw/zapfding/uzdr.pfb>
Output written on nn_corr.pdf (20 pages, 6128512 bytes).
PDF statistics:
 581 PDF objects out of 1000 (max. 8388607)
 470 compressed objects within 5 object streams
 118 named destinations out of 1000 (max. 500000)
 406 words of extra memory for PDF output out of 10000 (max. 10000000)

